Simulator report for P2
Wed Mar 23 09:15:27 2022
Quartus II Version 9.1 Build 350 03/24/2010 Service Pack 2 SJ Web Edition


---------------------
; Table of Contents ;
---------------------
  1. Legal Notice
  2. Simulator Summary
  3. Simulator Settings
  4. Simulation Waveforms
  5. Coverage Summary
  6. Complete 1/0-Value Coverage
  7. Missing 1-Value Coverage
  8. Missing 0-Value Coverage
  9. Simulator INI Usage
 10. Simulator Messages



----------------
; Legal Notice ;
----------------
Copyright (C) 1991-2010 Altera Corporation
Your use of Altera Corporation's design tools, logic functions 
and other software and tools, and its AMPP partner logic 
functions, and any output files from any of the foregoing 
(including device programming or simulation files), and any 
associated documentation or information are expressly subject 
to the terms and conditions of the Altera Program License 
Subscription Agreement, Altera MegaCore Function License 
Agreement, or other applicable license agreement, including, 
without limitation, that your use is for the sole purpose of 
programming logic devices manufactured by Altera and sold by 
Altera or its authorized distributors.  Please refer to the 
applicable agreement for further details.



+--------------------------------------------+
; Simulator Summary                          ;
+-----------------------------+--------------+
; Type                        ; Value        ;
+-----------------------------+--------------+
; Simulation Start Time       ; 0 ps         ;
; Simulation End Time         ; 10.0 ms      ;
; Simulation Netlist Size     ; 244 nodes    ;
; Simulation Coverage         ;      81.15 % ;
; Total Number of Transitions ; 1386         ;
; Simulation Breakpoints      ; 0            ;
; Family                      ; MAX7000S     ;
+-----------------------------+--------------+


+-------------------------------------------------------------------------------------------------------------------------+
; Simulator Settings                                                                                                      ;
+--------------------------------------------------------------------------------------------+------------+---------------+
; Option                                                                                     ; Setting    ; Default Value ;
+--------------------------------------------------------------------------------------------+------------+---------------+
; Simulation mode                                                                            ; Functional ; Timing        ;
; Start time                                                                                 ; 0 ns       ; 0 ns          ;
; Simulation results format                                                                  ; CVWF       ;               ;
; Vector input source                                                                        ; P2.vwf     ;               ;
; Add pins automatically to simulation output waveforms                                      ; On         ; On            ;
; Check outputs                                                                              ; Off        ; Off           ;
; Report simulation coverage                                                                 ; On         ; On            ;
; Display complete 1/0 value coverage report                                                 ; On         ; On            ;
; Display missing 1-value coverage report                                                    ; On         ; On            ;
; Display missing 0-value coverage report                                                    ; On         ; On            ;
; Detect setup and hold time violations                                                      ; Off        ; Off           ;
; Detect glitches                                                                            ; Off        ; Off           ;
; Disable timing delays in Timing Simulation                                                 ; Off        ; Off           ;
; Generate Signal Activity File                                                              ; Off        ; Off           ;
; Generate VCD File for PowerPlay Power Analyzer                                             ; Off        ; Off           ;
; Group bus channels in simulation results                                                   ; Off        ; Off           ;
; Preserve fewer signal transitions to reduce memory requirements                            ; On         ; On            ;
; Trigger vector comparison with the specified mode                                          ; INPUT_EDGE ; INPUT_EDGE    ;
; Disable setup and hold time violations detection in input registers of bi-directional pins ; Off        ; Off           ;
; Overwrite Waveform Inputs With Simulation Outputs                                          ; Off        ;               ;
; Perform Glitch Filtering in Timing Simulation                                              ; Auto       ; Auto          ;
+--------------------------------------------------------------------------------------------+------------+---------------+


+----------------------+
; Simulation Waveforms ;
+----------------------+
Waveform report data cannot be output to ASCII.
Please use Quartus II to view the waveform report data.


+--------------------------------------------------------------------+
; Coverage Summary                                                   ;
+-----------------------------------------------------+--------------+
; Type                                                ; Value        ;
+-----------------------------------------------------+--------------+
; Total coverage as a percentage                      ;      81.15 % ;
; Total nodes checked                                 ; 244          ;
; Total output ports checked                          ; 244          ;
; Total output ports with complete 1/0-value coverage ; 198          ;
; Total output ports with no 1/0-value coverage       ; 46           ;
; Total output ports with no 1-value coverage         ; 46           ;
; Total output ports with no 0-value coverage         ; 46           ;
+-----------------------------------------------------+--------------+


The following table displays output ports that toggle between 1 and 0 during simulation.
+--------------------------------------------------------------------------------------------------------------------------------------------+
; Complete 1/0-Value Coverage                                                                                                                ;
+------------------------------------------------------------+------------------------------------------------------------+------------------+
; Node Name                                                  ; Output Port Name                                           ; Output Port Type ;
+------------------------------------------------------------+------------------------------------------------------------+------------------+
; |P2|Ta                                                     ; |P2|Ta                                                     ; out              ;
; |P2|Ra                                                     ; |P2|Ra                                                     ; out              ;
; |P2|Pa                                                     ; |P2|Pa                                                     ; out              ;
; |P2|Tb                                                     ; |P2|Tb                                                     ; out              ;
; |P2|Rb                                                     ; |P2|Rb                                                     ; out              ;
; |P2|Pb                                                     ; |P2|Pb                                                     ; out              ;
; |P2|g1                                                     ; |P2|g1                                                     ; pin_out          ;
; |P2|g2                                                     ; |P2|g2                                                     ; pin_out          ;
; |P2|lpm_mux:Mux5|muxlut:$00010|muxlut:$00020|_~0           ; |P2|lpm_mux:Mux5|muxlut:$00010|muxlut:$00020|_~0           ; out0             ;
; |P2|lpm_mux:Mux5|muxlut:$00010|muxlut:$00020|_~1           ; |P2|lpm_mux:Mux5|muxlut:$00010|muxlut:$00020|_~1           ; out0             ;
; |P2|lpm_mux:Mux5|muxlut:$00010|muxlut:$00020|_~2           ; |P2|lpm_mux:Mux5|muxlut:$00010|muxlut:$00020|_~2           ; out0             ;
; |P2|lpm_mux:Mux5|muxlut:$00010|muxlut:$00020|_~3           ; |P2|lpm_mux:Mux5|muxlut:$00010|muxlut:$00020|_~3           ; out0             ;
; |P2|lpm_mux:Mux5|muxlut:$00010|muxlut:$00020|_~4           ; |P2|lpm_mux:Mux5|muxlut:$00010|muxlut:$00020|_~4           ; out0             ;
; |P2|lpm_mux:Mux5|muxlut:$00010|muxlut:$00020|result_node~0 ; |P2|lpm_mux:Mux5|muxlut:$00010|muxlut:$00020|result_node~0 ; out0             ;
; |P2|lpm_mux:Mux5|muxlut:$00010|muxlut:$00020|_~5           ; |P2|lpm_mux:Mux5|muxlut:$00010|muxlut:$00020|_~5           ; out0             ;
; |P2|lpm_mux:Mux5|muxlut:$00010|muxlut:$00020|_~6           ; |P2|lpm_mux:Mux5|muxlut:$00010|muxlut:$00020|_~6           ; out0             ;
; |P2|lpm_mux:Mux5|muxlut:$00010|muxlut:$00020|_~7           ; |P2|lpm_mux:Mux5|muxlut:$00010|muxlut:$00020|_~7           ; out0             ;
; |P2|lpm_mux:Mux5|muxlut:$00010|muxlut:$00020|_~8           ; |P2|lpm_mux:Mux5|muxlut:$00010|muxlut:$00020|_~8           ; out0             ;
; |P2|lpm_mux:Mux5|muxlut:$00010|muxlut:$00020|result_node~1 ; |P2|lpm_mux:Mux5|muxlut:$00010|muxlut:$00020|result_node~1 ; out0             ;
; |P2|lpm_mux:Mux5|muxlut:$00010|muxlut:$00020|result_node   ; |P2|lpm_mux:Mux5|muxlut:$00010|muxlut:$00020|result_node   ; out0             ;
; |P2|lpm_mux:Mux5|muxlut:$00010|muxlut:$00018|_~0           ; |P2|lpm_mux:Mux5|muxlut:$00010|muxlut:$00018|_~0           ; out0             ;
; |P2|lpm_mux:Mux5|muxlut:$00010|muxlut:$00018|_~1           ; |P2|lpm_mux:Mux5|muxlut:$00010|muxlut:$00018|_~1           ; out0             ;
; |P2|lpm_mux:Mux5|muxlut:$00010|muxlut:$00018|_~2           ; |P2|lpm_mux:Mux5|muxlut:$00010|muxlut:$00018|_~2           ; out0             ;
; |P2|lpm_mux:Mux5|muxlut:$00010|muxlut:$00018|_~3           ; |P2|lpm_mux:Mux5|muxlut:$00010|muxlut:$00018|_~3           ; out0             ;
; |P2|lpm_mux:Mux5|muxlut:$00010|muxlut:$00018|_~4           ; |P2|lpm_mux:Mux5|muxlut:$00010|muxlut:$00018|_~4           ; out0             ;
; |P2|lpm_mux:Mux5|muxlut:$00010|muxlut:$00018|_~6           ; |P2|lpm_mux:Mux5|muxlut:$00010|muxlut:$00018|_~6           ; out0             ;
; |P2|lpm_mux:Mux5|muxlut:$00010|muxlut:$00018|_~7           ; |P2|lpm_mux:Mux5|muxlut:$00010|muxlut:$00018|_~7           ; out0             ;
; |P2|lpm_mux:Mux5|muxlut:$00010|muxlut:$00018|result_node~1 ; |P2|lpm_mux:Mux5|muxlut:$00010|muxlut:$00018|result_node~1 ; out0             ;
; |P2|lpm_mux:Mux5|muxlut:$00010|muxlut:$00018|result_node   ; |P2|lpm_mux:Mux5|muxlut:$00010|muxlut:$00018|result_node   ; out0             ;
; |P2|lpm_mux:Mux5|muxlut:$00010|muxlut:$00016|_~0           ; |P2|lpm_mux:Mux5|muxlut:$00010|muxlut:$00016|_~0           ; out0             ;
; |P2|lpm_mux:Mux5|muxlut:$00010|muxlut:$00016|_~2           ; |P2|lpm_mux:Mux5|muxlut:$00010|muxlut:$00016|_~2           ; out0             ;
; |P2|lpm_mux:Mux5|muxlut:$00010|muxlut:$00016|_~3           ; |P2|lpm_mux:Mux5|muxlut:$00010|muxlut:$00016|_~3           ; out0             ;
; |P2|lpm_mux:Mux5|muxlut:$00010|muxlut:$00016|_~4           ; |P2|lpm_mux:Mux5|muxlut:$00010|muxlut:$00016|_~4           ; out0             ;
; |P2|lpm_mux:Mux5|muxlut:$00010|muxlut:$00016|result_node~0 ; |P2|lpm_mux:Mux5|muxlut:$00010|muxlut:$00016|result_node~0 ; out0             ;
; |P2|lpm_mux:Mux5|muxlut:$00010|muxlut:$00016|_~5           ; |P2|lpm_mux:Mux5|muxlut:$00010|muxlut:$00016|_~5           ; out0             ;
; |P2|lpm_mux:Mux5|muxlut:$00010|muxlut:$00016|_~6           ; |P2|lpm_mux:Mux5|muxlut:$00010|muxlut:$00016|_~6           ; out0             ;
; |P2|lpm_mux:Mux5|muxlut:$00010|muxlut:$00016|_~7           ; |P2|lpm_mux:Mux5|muxlut:$00010|muxlut:$00016|_~7           ; out0             ;
; |P2|lpm_mux:Mux5|muxlut:$00010|muxlut:$00016|result_node~1 ; |P2|lpm_mux:Mux5|muxlut:$00010|muxlut:$00016|result_node~1 ; out0             ;
; |P2|lpm_mux:Mux5|muxlut:$00010|muxlut:$00016|result_node   ; |P2|lpm_mux:Mux5|muxlut:$00010|muxlut:$00016|result_node   ; out0             ;
; |P2|lpm_mux:Mux5|muxlut:$00010|muxlut:$00014|_~0           ; |P2|lpm_mux:Mux5|muxlut:$00010|muxlut:$00014|_~0           ; out0             ;
; |P2|lpm_mux:Mux5|muxlut:$00010|muxlut:$00014|_~1           ; |P2|lpm_mux:Mux5|muxlut:$00010|muxlut:$00014|_~1           ; out0             ;
; |P2|lpm_mux:Mux5|muxlut:$00010|muxlut:$00014|_~2           ; |P2|lpm_mux:Mux5|muxlut:$00010|muxlut:$00014|_~2           ; out0             ;
; |P2|lpm_mux:Mux5|muxlut:$00010|muxlut:$00014|_~3           ; |P2|lpm_mux:Mux5|muxlut:$00010|muxlut:$00014|_~3           ; out0             ;
; |P2|lpm_mux:Mux5|muxlut:$00010|muxlut:$00014|result_node~0 ; |P2|lpm_mux:Mux5|muxlut:$00010|muxlut:$00014|result_node~0 ; out0             ;
; |P2|lpm_mux:Mux5|muxlut:$00010|muxlut:$00014|_~5           ; |P2|lpm_mux:Mux5|muxlut:$00010|muxlut:$00014|_~5           ; out0             ;
; |P2|lpm_mux:Mux5|muxlut:$00010|muxlut:$00014|_~6           ; |P2|lpm_mux:Mux5|muxlut:$00010|muxlut:$00014|_~6           ; out0             ;
; |P2|lpm_mux:Mux5|muxlut:$00010|muxlut:$00014|_~7           ; |P2|lpm_mux:Mux5|muxlut:$00010|muxlut:$00014|_~7           ; out0             ;
; |P2|lpm_mux:Mux5|muxlut:$00010|muxlut:$00014|result_node~1 ; |P2|lpm_mux:Mux5|muxlut:$00010|muxlut:$00014|result_node~1 ; out0             ;
; |P2|lpm_mux:Mux5|muxlut:$00010|muxlut:$00014|result_node   ; |P2|lpm_mux:Mux5|muxlut:$00010|muxlut:$00014|result_node   ; out0             ;
; |P2|lpm_mux:Mux5|muxlut:$00010|muxlut:$00012|_~0           ; |P2|lpm_mux:Mux5|muxlut:$00010|muxlut:$00012|_~0           ; out0             ;
; |P2|lpm_mux:Mux5|muxlut:$00010|muxlut:$00012|_~1           ; |P2|lpm_mux:Mux5|muxlut:$00010|muxlut:$00012|_~1           ; out0             ;
; |P2|lpm_mux:Mux5|muxlut:$00010|muxlut:$00012|_~2           ; |P2|lpm_mux:Mux5|muxlut:$00010|muxlut:$00012|_~2           ; out0             ;
; |P2|lpm_mux:Mux5|muxlut:$00010|muxlut:$00012|_~3           ; |P2|lpm_mux:Mux5|muxlut:$00010|muxlut:$00012|_~3           ; out0             ;
; |P2|lpm_mux:Mux5|muxlut:$00010|muxlut:$00012|_~4           ; |P2|lpm_mux:Mux5|muxlut:$00010|muxlut:$00012|_~4           ; out0             ;
; |P2|lpm_mux:Mux5|muxlut:$00010|muxlut:$00012|_~5           ; |P2|lpm_mux:Mux5|muxlut:$00010|muxlut:$00012|_~5           ; out0             ;
; |P2|lpm_mux:Mux5|muxlut:$00010|muxlut:$00012|_~6           ; |P2|lpm_mux:Mux5|muxlut:$00010|muxlut:$00012|_~6           ; out0             ;
; |P2|lpm_mux:Mux5|muxlut:$00010|muxlut:$00012|_~7           ; |P2|lpm_mux:Mux5|muxlut:$00010|muxlut:$00012|_~7           ; out0             ;
; |P2|lpm_mux:Mux5|muxlut:$00010|muxlut:$00012|result_node~1 ; |P2|lpm_mux:Mux5|muxlut:$00010|muxlut:$00012|result_node~1 ; out0             ;
; |P2|lpm_mux:Mux5|muxlut:$00010|muxlut:$00012|result_node   ; |P2|lpm_mux:Mux5|muxlut:$00010|muxlut:$00012|result_node   ; out0             ;
; |P2|lpm_mux:Mux4|muxlut:$00010|muxlut:$00020|_~0           ; |P2|lpm_mux:Mux4|muxlut:$00010|muxlut:$00020|_~0           ; out0             ;
; |P2|lpm_mux:Mux4|muxlut:$00010|muxlut:$00020|_~1           ; |P2|lpm_mux:Mux4|muxlut:$00010|muxlut:$00020|_~1           ; out0             ;
; |P2|lpm_mux:Mux4|muxlut:$00010|muxlut:$00020|_~2           ; |P2|lpm_mux:Mux4|muxlut:$00010|muxlut:$00020|_~2           ; out0             ;
; |P2|lpm_mux:Mux4|muxlut:$00010|muxlut:$00020|_~3           ; |P2|lpm_mux:Mux4|muxlut:$00010|muxlut:$00020|_~3           ; out0             ;
; |P2|lpm_mux:Mux4|muxlut:$00010|muxlut:$00020|_~4           ; |P2|lpm_mux:Mux4|muxlut:$00010|muxlut:$00020|_~4           ; out0             ;
; |P2|lpm_mux:Mux4|muxlut:$00010|muxlut:$00020|result_node~0 ; |P2|lpm_mux:Mux4|muxlut:$00010|muxlut:$00020|result_node~0 ; out0             ;
; |P2|lpm_mux:Mux4|muxlut:$00010|muxlut:$00020|_~5           ; |P2|lpm_mux:Mux4|muxlut:$00010|muxlut:$00020|_~5           ; out0             ;
; |P2|lpm_mux:Mux4|muxlut:$00010|muxlut:$00020|_~6           ; |P2|lpm_mux:Mux4|muxlut:$00010|muxlut:$00020|_~6           ; out0             ;
; |P2|lpm_mux:Mux4|muxlut:$00010|muxlut:$00020|_~7           ; |P2|lpm_mux:Mux4|muxlut:$00010|muxlut:$00020|_~7           ; out0             ;
; |P2|lpm_mux:Mux4|muxlut:$00010|muxlut:$00020|result_node~1 ; |P2|lpm_mux:Mux4|muxlut:$00010|muxlut:$00020|result_node~1 ; out0             ;
; |P2|lpm_mux:Mux4|muxlut:$00010|muxlut:$00020|result_node   ; |P2|lpm_mux:Mux4|muxlut:$00010|muxlut:$00020|result_node   ; out0             ;
; |P2|lpm_mux:Mux4|muxlut:$00010|muxlut:$00018|_~0           ; |P2|lpm_mux:Mux4|muxlut:$00010|muxlut:$00018|_~0           ; out0             ;
; |P2|lpm_mux:Mux4|muxlut:$00010|muxlut:$00018|_~1           ; |P2|lpm_mux:Mux4|muxlut:$00010|muxlut:$00018|_~1           ; out0             ;
; |P2|lpm_mux:Mux4|muxlut:$00010|muxlut:$00018|_~2           ; |P2|lpm_mux:Mux4|muxlut:$00010|muxlut:$00018|_~2           ; out0             ;
; |P2|lpm_mux:Mux4|muxlut:$00010|muxlut:$00018|_~3           ; |P2|lpm_mux:Mux4|muxlut:$00010|muxlut:$00018|_~3           ; out0             ;
; |P2|lpm_mux:Mux4|muxlut:$00010|muxlut:$00018|result_node~0 ; |P2|lpm_mux:Mux4|muxlut:$00010|muxlut:$00018|result_node~0 ; out0             ;
; |P2|lpm_mux:Mux4|muxlut:$00010|muxlut:$00018|_~5           ; |P2|lpm_mux:Mux4|muxlut:$00010|muxlut:$00018|_~5           ; out0             ;
; |P2|lpm_mux:Mux4|muxlut:$00010|muxlut:$00018|_~6           ; |P2|lpm_mux:Mux4|muxlut:$00010|muxlut:$00018|_~6           ; out0             ;
; |P2|lpm_mux:Mux4|muxlut:$00010|muxlut:$00018|_~7           ; |P2|lpm_mux:Mux4|muxlut:$00010|muxlut:$00018|_~7           ; out0             ;
; |P2|lpm_mux:Mux4|muxlut:$00010|muxlut:$00018|_~8           ; |P2|lpm_mux:Mux4|muxlut:$00010|muxlut:$00018|_~8           ; out0             ;
; |P2|lpm_mux:Mux4|muxlut:$00010|muxlut:$00018|result_node   ; |P2|lpm_mux:Mux4|muxlut:$00010|muxlut:$00018|result_node   ; out0             ;
; |P2|lpm_mux:Mux4|muxlut:$00010|muxlut:$00016|_~0           ; |P2|lpm_mux:Mux4|muxlut:$00010|muxlut:$00016|_~0           ; out0             ;
; |P2|lpm_mux:Mux4|muxlut:$00010|muxlut:$00016|_~1           ; |P2|lpm_mux:Mux4|muxlut:$00010|muxlut:$00016|_~1           ; out0             ;
; |P2|lpm_mux:Mux4|muxlut:$00010|muxlut:$00016|_~2           ; |P2|lpm_mux:Mux4|muxlut:$00010|muxlut:$00016|_~2           ; out0             ;
; |P2|lpm_mux:Mux4|muxlut:$00010|muxlut:$00016|_~3           ; |P2|lpm_mux:Mux4|muxlut:$00010|muxlut:$00016|_~3           ; out0             ;
; |P2|lpm_mux:Mux4|muxlut:$00010|muxlut:$00016|_~4           ; |P2|lpm_mux:Mux4|muxlut:$00010|muxlut:$00016|_~4           ; out0             ;
; |P2|lpm_mux:Mux4|muxlut:$00010|muxlut:$00016|_~6           ; |P2|lpm_mux:Mux4|muxlut:$00010|muxlut:$00016|_~6           ; out0             ;
; |P2|lpm_mux:Mux4|muxlut:$00010|muxlut:$00016|_~7           ; |P2|lpm_mux:Mux4|muxlut:$00010|muxlut:$00016|_~7           ; out0             ;
; |P2|lpm_mux:Mux4|muxlut:$00010|muxlut:$00016|_~8           ; |P2|lpm_mux:Mux4|muxlut:$00010|muxlut:$00016|_~8           ; out0             ;
; |P2|lpm_mux:Mux4|muxlut:$00010|muxlut:$00016|result_node~1 ; |P2|lpm_mux:Mux4|muxlut:$00010|muxlut:$00016|result_node~1 ; out0             ;
; |P2|lpm_mux:Mux4|muxlut:$00010|muxlut:$00016|result_node   ; |P2|lpm_mux:Mux4|muxlut:$00010|muxlut:$00016|result_node   ; out0             ;
; |P2|lpm_mux:Mux4|muxlut:$00010|muxlut:$00014|_~0           ; |P2|lpm_mux:Mux4|muxlut:$00010|muxlut:$00014|_~0           ; out0             ;
; |P2|lpm_mux:Mux4|muxlut:$00010|muxlut:$00014|_~2           ; |P2|lpm_mux:Mux4|muxlut:$00010|muxlut:$00014|_~2           ; out0             ;
; |P2|lpm_mux:Mux4|muxlut:$00010|muxlut:$00014|_~3           ; |P2|lpm_mux:Mux4|muxlut:$00010|muxlut:$00014|_~3           ; out0             ;
; |P2|lpm_mux:Mux4|muxlut:$00010|muxlut:$00014|_~4           ; |P2|lpm_mux:Mux4|muxlut:$00010|muxlut:$00014|_~4           ; out0             ;
; |P2|lpm_mux:Mux4|muxlut:$00010|muxlut:$00014|result_node~0 ; |P2|lpm_mux:Mux4|muxlut:$00010|muxlut:$00014|result_node~0 ; out0             ;
; |P2|lpm_mux:Mux4|muxlut:$00010|muxlut:$00014|_~5           ; |P2|lpm_mux:Mux4|muxlut:$00010|muxlut:$00014|_~5           ; out0             ;
; |P2|lpm_mux:Mux4|muxlut:$00010|muxlut:$00014|_~6           ; |P2|lpm_mux:Mux4|muxlut:$00010|muxlut:$00014|_~6           ; out0             ;
; |P2|lpm_mux:Mux4|muxlut:$00010|muxlut:$00014|_~7           ; |P2|lpm_mux:Mux4|muxlut:$00010|muxlut:$00014|_~7           ; out0             ;
; |P2|lpm_mux:Mux4|muxlut:$00010|muxlut:$00014|_~8           ; |P2|lpm_mux:Mux4|muxlut:$00010|muxlut:$00014|_~8           ; out0             ;
; |P2|lpm_mux:Mux4|muxlut:$00010|muxlut:$00014|result_node   ; |P2|lpm_mux:Mux4|muxlut:$00010|muxlut:$00014|result_node   ; out0             ;
; |P2|lpm_mux:Mux4|muxlut:$00010|muxlut:$00012|_~0           ; |P2|lpm_mux:Mux4|muxlut:$00010|muxlut:$00012|_~0           ; out0             ;
; |P2|lpm_mux:Mux4|muxlut:$00010|muxlut:$00012|_~2           ; |P2|lpm_mux:Mux4|muxlut:$00010|muxlut:$00012|_~2           ; out0             ;
; |P2|lpm_mux:Mux4|muxlut:$00010|muxlut:$00012|_~3           ; |P2|lpm_mux:Mux4|muxlut:$00010|muxlut:$00012|_~3           ; out0             ;
; |P2|lpm_mux:Mux4|muxlut:$00010|muxlut:$00012|result_node~0 ; |P2|lpm_mux:Mux4|muxlut:$00010|muxlut:$00012|result_node~0 ; out0             ;
; |P2|lpm_mux:Mux4|muxlut:$00010|muxlut:$00012|_~6           ; |P2|lpm_mux:Mux4|muxlut:$00010|muxlut:$00012|_~6           ; out0             ;
; |P2|lpm_mux:Mux4|muxlut:$00010|muxlut:$00012|_~7           ; |P2|lpm_mux:Mux4|muxlut:$00010|muxlut:$00012|_~7           ; out0             ;
; |P2|lpm_mux:Mux4|muxlut:$00010|muxlut:$00012|result_node~1 ; |P2|lpm_mux:Mux4|muxlut:$00010|muxlut:$00012|result_node~1 ; out0             ;
; |P2|lpm_mux:Mux3|sel_node[2]                               ; |P2|lpm_mux:Mux3|sel_node[2]                               ; out0             ;
; |P2|lpm_mux:Mux3|muxlut:$00010|muxlut:$00016|_~0           ; |P2|lpm_mux:Mux3|muxlut:$00010|muxlut:$00016|_~0           ; out0             ;
; |P2|lpm_mux:Mux3|muxlut:$00010|muxlut:$00016|result_node~0 ; |P2|lpm_mux:Mux3|muxlut:$00010|muxlut:$00016|result_node~0 ; out0             ;
; |P2|lpm_mux:Mux3|muxlut:$00010|muxlut:$00016|result_node~1 ; |P2|lpm_mux:Mux3|muxlut:$00010|muxlut:$00016|result_node~1 ; out0             ;
; |P2|lpm_mux:Mux3|muxlut:$00010|muxlut:$00016|result_node   ; |P2|lpm_mux:Mux3|muxlut:$00010|muxlut:$00016|result_node   ; out0             ;
; |P2|lpm_mux:Mux3|muxlut:$00010|muxlut:$00014|_~0           ; |P2|lpm_mux:Mux3|muxlut:$00010|muxlut:$00014|_~0           ; out0             ;
; |P2|lpm_mux:Mux3|muxlut:$00010|muxlut:$00014|_~2           ; |P2|lpm_mux:Mux3|muxlut:$00010|muxlut:$00014|_~2           ; out0             ;
; |P2|lpm_mux:Mux3|muxlut:$00010|muxlut:$00014|_~3           ; |P2|lpm_mux:Mux3|muxlut:$00010|muxlut:$00014|_~3           ; out0             ;
; |P2|lpm_mux:Mux3|muxlut:$00010|muxlut:$00014|result_node~0 ; |P2|lpm_mux:Mux3|muxlut:$00010|muxlut:$00014|result_node~0 ; out0             ;
; |P2|lpm_mux:Mux3|muxlut:$00010|muxlut:$00014|_~6           ; |P2|lpm_mux:Mux3|muxlut:$00010|muxlut:$00014|_~6           ; out0             ;
; |P2|lpm_mux:Mux3|muxlut:$00010|muxlut:$00014|_~7           ; |P2|lpm_mux:Mux3|muxlut:$00010|muxlut:$00014|_~7           ; out0             ;
; |P2|lpm_mux:Mux3|muxlut:$00010|muxlut:$00014|_~8           ; |P2|lpm_mux:Mux3|muxlut:$00010|muxlut:$00014|_~8           ; out0             ;
; |P2|lpm_mux:Mux3|muxlut:$00010|muxlut:$00014|result_node~1 ; |P2|lpm_mux:Mux3|muxlut:$00010|muxlut:$00014|result_node~1 ; out0             ;
; |P2|lpm_mux:Mux3|muxlut:$00010|muxlut:$00014|result_node   ; |P2|lpm_mux:Mux3|muxlut:$00010|muxlut:$00014|result_node   ; out0             ;
; |P2|lpm_mux:Mux3|muxlut:$00010|muxlut:$00012|_~0           ; |P2|lpm_mux:Mux3|muxlut:$00010|muxlut:$00012|_~0           ; out0             ;
; |P2|lpm_mux:Mux3|muxlut:$00010|muxlut:$00012|_~2           ; |P2|lpm_mux:Mux3|muxlut:$00010|muxlut:$00012|_~2           ; out0             ;
; |P2|lpm_mux:Mux3|muxlut:$00010|muxlut:$00012|_~3           ; |P2|lpm_mux:Mux3|muxlut:$00010|muxlut:$00012|_~3           ; out0             ;
; |P2|lpm_mux:Mux3|muxlut:$00010|muxlut:$00012|result_node~0 ; |P2|lpm_mux:Mux3|muxlut:$00010|muxlut:$00012|result_node~0 ; out0             ;
; |P2|lpm_mux:Mux3|muxlut:$00010|muxlut:$00012|_~5           ; |P2|lpm_mux:Mux3|muxlut:$00010|muxlut:$00012|_~5           ; out0             ;
; |P2|lpm_mux:Mux3|muxlut:$00010|muxlut:$00012|_~6           ; |P2|lpm_mux:Mux3|muxlut:$00010|muxlut:$00012|_~6           ; out0             ;
; |P2|lpm_mux:Mux3|muxlut:$00010|muxlut:$00012|_~7           ; |P2|lpm_mux:Mux3|muxlut:$00010|muxlut:$00012|_~7           ; out0             ;
; |P2|lpm_mux:Mux3|muxlut:$00010|muxlut:$00012|result_node~1 ; |P2|lpm_mux:Mux3|muxlut:$00010|muxlut:$00012|result_node~1 ; out0             ;
; |P2|lpm_mux:Mux3|muxlut:$00010|muxlut:$00012|result_node   ; |P2|lpm_mux:Mux3|muxlut:$00010|muxlut:$00012|result_node   ; out0             ;
; |P2|lpm_mux:Mux2|sel_node[2]                               ; |P2|lpm_mux:Mux2|sel_node[2]                               ; out0             ;
; |P2|lpm_mux:Mux2|muxlut:$00010|muxlut:$00016|_~0           ; |P2|lpm_mux:Mux2|muxlut:$00010|muxlut:$00016|_~0           ; out0             ;
; |P2|lpm_mux:Mux2|muxlut:$00010|muxlut:$00016|result_node~0 ; |P2|lpm_mux:Mux2|muxlut:$00010|muxlut:$00016|result_node~0 ; out0             ;
; |P2|lpm_mux:Mux2|muxlut:$00010|muxlut:$00016|result_node~1 ; |P2|lpm_mux:Mux2|muxlut:$00010|muxlut:$00016|result_node~1 ; out0             ;
; |P2|lpm_mux:Mux2|muxlut:$00010|muxlut:$00016|result_node   ; |P2|lpm_mux:Mux2|muxlut:$00010|muxlut:$00016|result_node   ; out0             ;
; |P2|lpm_mux:Mux2|muxlut:$00010|muxlut:$00014|_~0           ; |P2|lpm_mux:Mux2|muxlut:$00010|muxlut:$00014|_~0           ; out0             ;
; |P2|lpm_mux:Mux2|muxlut:$00010|muxlut:$00014|_~2           ; |P2|lpm_mux:Mux2|muxlut:$00010|muxlut:$00014|_~2           ; out0             ;
; |P2|lpm_mux:Mux2|muxlut:$00010|muxlut:$00014|_~3           ; |P2|lpm_mux:Mux2|muxlut:$00010|muxlut:$00014|_~3           ; out0             ;
; |P2|lpm_mux:Mux2|muxlut:$00010|muxlut:$00014|result_node~0 ; |P2|lpm_mux:Mux2|muxlut:$00010|muxlut:$00014|result_node~0 ; out0             ;
; |P2|lpm_mux:Mux2|muxlut:$00010|muxlut:$00014|_~6           ; |P2|lpm_mux:Mux2|muxlut:$00010|muxlut:$00014|_~6           ; out0             ;
; |P2|lpm_mux:Mux2|muxlut:$00010|muxlut:$00014|_~7           ; |P2|lpm_mux:Mux2|muxlut:$00010|muxlut:$00014|_~7           ; out0             ;
; |P2|lpm_mux:Mux2|muxlut:$00010|muxlut:$00014|_~8           ; |P2|lpm_mux:Mux2|muxlut:$00010|muxlut:$00014|_~8           ; out0             ;
; |P2|lpm_mux:Mux2|muxlut:$00010|muxlut:$00014|result_node~1 ; |P2|lpm_mux:Mux2|muxlut:$00010|muxlut:$00014|result_node~1 ; out0             ;
; |P2|lpm_mux:Mux2|muxlut:$00010|muxlut:$00014|result_node   ; |P2|lpm_mux:Mux2|muxlut:$00010|muxlut:$00014|result_node   ; out0             ;
; |P2|lpm_mux:Mux2|muxlut:$00010|muxlut:$00012|_~0           ; |P2|lpm_mux:Mux2|muxlut:$00010|muxlut:$00012|_~0           ; out0             ;
; |P2|lpm_mux:Mux2|muxlut:$00010|muxlut:$00012|_~2           ; |P2|lpm_mux:Mux2|muxlut:$00010|muxlut:$00012|_~2           ; out0             ;
; |P2|lpm_mux:Mux2|muxlut:$00010|muxlut:$00012|_~3           ; |P2|lpm_mux:Mux2|muxlut:$00010|muxlut:$00012|_~3           ; out0             ;
; |P2|lpm_mux:Mux2|muxlut:$00010|muxlut:$00012|_~4           ; |P2|lpm_mux:Mux2|muxlut:$00010|muxlut:$00012|_~4           ; out0             ;
; |P2|lpm_mux:Mux2|muxlut:$00010|muxlut:$00012|_~6           ; |P2|lpm_mux:Mux2|muxlut:$00010|muxlut:$00012|_~6           ; out0             ;
; |P2|lpm_mux:Mux2|muxlut:$00010|muxlut:$00012|_~7           ; |P2|lpm_mux:Mux2|muxlut:$00010|muxlut:$00012|_~7           ; out0             ;
; |P2|lpm_mux:Mux2|muxlut:$00010|muxlut:$00012|result_node~1 ; |P2|lpm_mux:Mux2|muxlut:$00010|muxlut:$00012|result_node~1 ; out0             ;
; |P2|lpm_mux:Mux2|muxlut:$00010|muxlut:$00012|result_node   ; |P2|lpm_mux:Mux2|muxlut:$00010|muxlut:$00012|result_node   ; out0             ;
; |P2|lpm_mux:Mux1|sel_node[2]                               ; |P2|lpm_mux:Mux1|sel_node[2]                               ; out0             ;
; |P2|lpm_mux:Mux1|muxlut:$00010|muxlut:$00016|_~0           ; |P2|lpm_mux:Mux1|muxlut:$00010|muxlut:$00016|_~0           ; out0             ;
; |P2|lpm_mux:Mux1|muxlut:$00010|muxlut:$00016|result_node~0 ; |P2|lpm_mux:Mux1|muxlut:$00010|muxlut:$00016|result_node~0 ; out0             ;
; |P2|lpm_mux:Mux1|muxlut:$00010|muxlut:$00016|result_node~1 ; |P2|lpm_mux:Mux1|muxlut:$00010|muxlut:$00016|result_node~1 ; out0             ;
; |P2|lpm_mux:Mux1|muxlut:$00010|muxlut:$00016|result_node   ; |P2|lpm_mux:Mux1|muxlut:$00010|muxlut:$00016|result_node   ; out0             ;
; |P2|lpm_mux:Mux1|muxlut:$00010|muxlut:$00014|_~0           ; |P2|lpm_mux:Mux1|muxlut:$00010|muxlut:$00014|_~0           ; out0             ;
; |P2|lpm_mux:Mux1|muxlut:$00010|muxlut:$00014|_~2           ; |P2|lpm_mux:Mux1|muxlut:$00010|muxlut:$00014|_~2           ; out0             ;
; |P2|lpm_mux:Mux1|muxlut:$00010|muxlut:$00014|_~3           ; |P2|lpm_mux:Mux1|muxlut:$00010|muxlut:$00014|_~3           ; out0             ;
; |P2|lpm_mux:Mux1|muxlut:$00010|muxlut:$00014|result_node~0 ; |P2|lpm_mux:Mux1|muxlut:$00010|muxlut:$00014|result_node~0 ; out0             ;
; |P2|lpm_mux:Mux1|muxlut:$00010|muxlut:$00014|_~6           ; |P2|lpm_mux:Mux1|muxlut:$00010|muxlut:$00014|_~6           ; out0             ;
; |P2|lpm_mux:Mux1|muxlut:$00010|muxlut:$00014|_~7           ; |P2|lpm_mux:Mux1|muxlut:$00010|muxlut:$00014|_~7           ; out0             ;
; |P2|lpm_mux:Mux1|muxlut:$00010|muxlut:$00014|_~8           ; |P2|lpm_mux:Mux1|muxlut:$00010|muxlut:$00014|_~8           ; out0             ;
; |P2|lpm_mux:Mux1|muxlut:$00010|muxlut:$00014|result_node~1 ; |P2|lpm_mux:Mux1|muxlut:$00010|muxlut:$00014|result_node~1 ; out0             ;
; |P2|lpm_mux:Mux1|muxlut:$00010|muxlut:$00014|result_node   ; |P2|lpm_mux:Mux1|muxlut:$00010|muxlut:$00014|result_node   ; out0             ;
; |P2|lpm_mux:Mux1|muxlut:$00010|muxlut:$00012|_~0           ; |P2|lpm_mux:Mux1|muxlut:$00010|muxlut:$00012|_~0           ; out0             ;
; |P2|lpm_mux:Mux1|muxlut:$00010|muxlut:$00012|_~2           ; |P2|lpm_mux:Mux1|muxlut:$00010|muxlut:$00012|_~2           ; out0             ;
; |P2|lpm_mux:Mux1|muxlut:$00010|muxlut:$00012|_~3           ; |P2|lpm_mux:Mux1|muxlut:$00010|muxlut:$00012|_~3           ; out0             ;
; |P2|lpm_mux:Mux1|muxlut:$00010|muxlut:$00012|result_node~0 ; |P2|lpm_mux:Mux1|muxlut:$00010|muxlut:$00012|result_node~0 ; out0             ;
; |P2|lpm_mux:Mux1|muxlut:$00010|muxlut:$00012|_~5           ; |P2|lpm_mux:Mux1|muxlut:$00010|muxlut:$00012|_~5           ; out0             ;
; |P2|lpm_mux:Mux1|muxlut:$00010|muxlut:$00012|_~6           ; |P2|lpm_mux:Mux1|muxlut:$00010|muxlut:$00012|_~6           ; out0             ;
; |P2|lpm_mux:Mux1|muxlut:$00010|muxlut:$00012|_~7           ; |P2|lpm_mux:Mux1|muxlut:$00010|muxlut:$00012|_~7           ; out0             ;
; |P2|lpm_mux:Mux1|muxlut:$00010|muxlut:$00012|result_node~1 ; |P2|lpm_mux:Mux1|muxlut:$00010|muxlut:$00012|result_node~1 ; out0             ;
; |P2|lpm_mux:Mux1|muxlut:$00010|muxlut:$00012|result_node   ; |P2|lpm_mux:Mux1|muxlut:$00010|muxlut:$00012|result_node   ; out0             ;
; |P2|lpm_mux:Mux0|sel_node[2]                               ; |P2|lpm_mux:Mux0|sel_node[2]                               ; out0             ;
; |P2|lpm_mux:Mux0|muxlut:$00010|muxlut:$00016|_~0           ; |P2|lpm_mux:Mux0|muxlut:$00010|muxlut:$00016|_~0           ; out0             ;
; |P2|lpm_mux:Mux0|muxlut:$00010|muxlut:$00016|result_node~0 ; |P2|lpm_mux:Mux0|muxlut:$00010|muxlut:$00016|result_node~0 ; out0             ;
; |P2|lpm_mux:Mux0|muxlut:$00010|muxlut:$00016|result_node~1 ; |P2|lpm_mux:Mux0|muxlut:$00010|muxlut:$00016|result_node~1 ; out0             ;
; |P2|lpm_mux:Mux0|muxlut:$00010|muxlut:$00016|result_node   ; |P2|lpm_mux:Mux0|muxlut:$00010|muxlut:$00016|result_node   ; out0             ;
; |P2|lpm_mux:Mux0|muxlut:$00010|muxlut:$00014|_~0           ; |P2|lpm_mux:Mux0|muxlut:$00010|muxlut:$00014|_~0           ; out0             ;
; |P2|lpm_mux:Mux0|muxlut:$00010|muxlut:$00014|_~2           ; |P2|lpm_mux:Mux0|muxlut:$00010|muxlut:$00014|_~2           ; out0             ;
; |P2|lpm_mux:Mux0|muxlut:$00010|muxlut:$00014|_~3           ; |P2|lpm_mux:Mux0|muxlut:$00010|muxlut:$00014|_~3           ; out0             ;
; |P2|lpm_mux:Mux0|muxlut:$00010|muxlut:$00014|result_node~0 ; |P2|lpm_mux:Mux0|muxlut:$00010|muxlut:$00014|result_node~0 ; out0             ;
; |P2|lpm_mux:Mux0|muxlut:$00010|muxlut:$00014|_~6           ; |P2|lpm_mux:Mux0|muxlut:$00010|muxlut:$00014|_~6           ; out0             ;
; |P2|lpm_mux:Mux0|muxlut:$00010|muxlut:$00014|_~7           ; |P2|lpm_mux:Mux0|muxlut:$00010|muxlut:$00014|_~7           ; out0             ;
; |P2|lpm_mux:Mux0|muxlut:$00010|muxlut:$00014|_~8           ; |P2|lpm_mux:Mux0|muxlut:$00010|muxlut:$00014|_~8           ; out0             ;
; |P2|lpm_mux:Mux0|muxlut:$00010|muxlut:$00014|result_node~1 ; |P2|lpm_mux:Mux0|muxlut:$00010|muxlut:$00014|result_node~1 ; out0             ;
; |P2|lpm_mux:Mux0|muxlut:$00010|muxlut:$00014|result_node   ; |P2|lpm_mux:Mux0|muxlut:$00010|muxlut:$00014|result_node   ; out0             ;
; |P2|lpm_mux:Mux0|muxlut:$00010|muxlut:$00012|_~0           ; |P2|lpm_mux:Mux0|muxlut:$00010|muxlut:$00012|_~0           ; out0             ;
; |P2|lpm_mux:Mux0|muxlut:$00010|muxlut:$00012|_~2           ; |P2|lpm_mux:Mux0|muxlut:$00010|muxlut:$00012|_~2           ; out0             ;
; |P2|lpm_mux:Mux0|muxlut:$00010|muxlut:$00012|_~3           ; |P2|lpm_mux:Mux0|muxlut:$00010|muxlut:$00012|_~3           ; out0             ;
; |P2|lpm_mux:Mux0|muxlut:$00010|muxlut:$00012|_~4           ; |P2|lpm_mux:Mux0|muxlut:$00010|muxlut:$00012|_~4           ; out0             ;
; |P2|lpm_mux:Mux0|muxlut:$00010|muxlut:$00012|result_node~0 ; |P2|lpm_mux:Mux0|muxlut:$00010|muxlut:$00012|result_node~0 ; out0             ;
; |P2|lpm_mux:Mux0|muxlut:$00010|muxlut:$00012|_~6           ; |P2|lpm_mux:Mux0|muxlut:$00010|muxlut:$00012|_~6           ; out0             ;
; |P2|lpm_mux:Mux0|muxlut:$00010|muxlut:$00012|_~7           ; |P2|lpm_mux:Mux0|muxlut:$00010|muxlut:$00012|_~7           ; out0             ;
; |P2|lpm_mux:Mux0|muxlut:$00010|muxlut:$00012|result_node~1 ; |P2|lpm_mux:Mux0|muxlut:$00010|muxlut:$00012|result_node~1 ; out0             ;
; |P2|lpm_mux:Mux0|muxlut:$00010|muxlut:$00012|result_node   ; |P2|lpm_mux:Mux0|muxlut:$00010|muxlut:$00012|result_node   ; out0             ;
+------------------------------------------------------------+------------------------------------------------------------+------------------+


The following table displays output ports that do not toggle to 1 during simulation.
+--------------------------------------------------------------------------------------------------------------------------------------------+
; Missing 1-Value Coverage                                                                                                                   ;
+------------------------------------------------------------+------------------------------------------------------------+------------------+
; Node Name                                                  ; Output Port Name                                           ; Output Port Type ;
+------------------------------------------------------------+------------------------------------------------------------+------------------+
; |P2|lpm_mux:Mux5|muxlut:$00010|muxlut:$00018|result_node~0 ; |P2|lpm_mux:Mux5|muxlut:$00010|muxlut:$00018|result_node~0 ; out0             ;
; |P2|lpm_mux:Mux5|muxlut:$00010|muxlut:$00018|_~5           ; |P2|lpm_mux:Mux5|muxlut:$00010|muxlut:$00018|_~5           ; out0             ;
; |P2|lpm_mux:Mux5|muxlut:$00010|muxlut:$00018|_~8           ; |P2|lpm_mux:Mux5|muxlut:$00010|muxlut:$00018|_~8           ; out0             ;
; |P2|lpm_mux:Mux5|muxlut:$00010|muxlut:$00016|_~1           ; |P2|lpm_mux:Mux5|muxlut:$00010|muxlut:$00016|_~1           ; out0             ;
; |P2|lpm_mux:Mux5|muxlut:$00010|muxlut:$00016|_~8           ; |P2|lpm_mux:Mux5|muxlut:$00010|muxlut:$00016|_~8           ; out0             ;
; |P2|lpm_mux:Mux5|muxlut:$00010|muxlut:$00014|_~4           ; |P2|lpm_mux:Mux5|muxlut:$00010|muxlut:$00014|_~4           ; out0             ;
; |P2|lpm_mux:Mux5|muxlut:$00010|muxlut:$00014|_~8           ; |P2|lpm_mux:Mux5|muxlut:$00010|muxlut:$00014|_~8           ; out0             ;
; |P2|lpm_mux:Mux5|muxlut:$00010|muxlut:$00012|result_node~0 ; |P2|lpm_mux:Mux5|muxlut:$00010|muxlut:$00012|result_node~0 ; out0             ;
; |P2|lpm_mux:Mux5|muxlut:$00010|muxlut:$00012|_~8           ; |P2|lpm_mux:Mux5|muxlut:$00010|muxlut:$00012|_~8           ; out0             ;
; |P2|lpm_mux:Mux4|muxlut:$00010|muxlut:$00020|_~8           ; |P2|lpm_mux:Mux4|muxlut:$00010|muxlut:$00020|_~8           ; out0             ;
; |P2|lpm_mux:Mux4|muxlut:$00010|muxlut:$00018|_~4           ; |P2|lpm_mux:Mux4|muxlut:$00010|muxlut:$00018|_~4           ; out0             ;
; |P2|lpm_mux:Mux4|muxlut:$00010|muxlut:$00018|result_node~1 ; |P2|lpm_mux:Mux4|muxlut:$00010|muxlut:$00018|result_node~1 ; out0             ;
; |P2|lpm_mux:Mux4|muxlut:$00010|muxlut:$00016|result_node~0 ; |P2|lpm_mux:Mux4|muxlut:$00010|muxlut:$00016|result_node~0 ; out0             ;
; |P2|lpm_mux:Mux4|muxlut:$00010|muxlut:$00016|_~5           ; |P2|lpm_mux:Mux4|muxlut:$00010|muxlut:$00016|_~5           ; out0             ;
; |P2|lpm_mux:Mux4|muxlut:$00010|muxlut:$00014|_~1           ; |P2|lpm_mux:Mux4|muxlut:$00010|muxlut:$00014|_~1           ; out0             ;
; |P2|lpm_mux:Mux4|muxlut:$00010|muxlut:$00014|result_node~1 ; |P2|lpm_mux:Mux4|muxlut:$00010|muxlut:$00014|result_node~1 ; out0             ;
; |P2|lpm_mux:Mux4|muxlut:$00010|muxlut:$00012|_~1           ; |P2|lpm_mux:Mux4|muxlut:$00010|muxlut:$00012|_~1           ; out0             ;
; |P2|lpm_mux:Mux4|muxlut:$00010|muxlut:$00012|_~4           ; |P2|lpm_mux:Mux4|muxlut:$00010|muxlut:$00012|_~4           ; out0             ;
; |P2|lpm_mux:Mux4|muxlut:$00010|muxlut:$00012|_~5           ; |P2|lpm_mux:Mux4|muxlut:$00010|muxlut:$00012|_~5           ; out0             ;
; |P2|lpm_mux:Mux4|muxlut:$00010|muxlut:$00012|_~8           ; |P2|lpm_mux:Mux4|muxlut:$00010|muxlut:$00012|_~8           ; out0             ;
; |P2|lpm_mux:Mux4|muxlut:$00010|muxlut:$00012|result_node   ; |P2|lpm_mux:Mux4|muxlut:$00010|muxlut:$00012|result_node   ; out0             ;
; |P2|lpm_mux:Mux3|muxlut:$00010|muxlut:$00014|_~1           ; |P2|lpm_mux:Mux3|muxlut:$00010|muxlut:$00014|_~1           ; out0             ;
; |P2|lpm_mux:Mux3|muxlut:$00010|muxlut:$00014|_~4           ; |P2|lpm_mux:Mux3|muxlut:$00010|muxlut:$00014|_~4           ; out0             ;
; |P2|lpm_mux:Mux3|muxlut:$00010|muxlut:$00014|_~5           ; |P2|lpm_mux:Mux3|muxlut:$00010|muxlut:$00014|_~5           ; out0             ;
; |P2|lpm_mux:Mux3|muxlut:$00010|muxlut:$00012|_~1           ; |P2|lpm_mux:Mux3|muxlut:$00010|muxlut:$00012|_~1           ; out0             ;
; |P2|lpm_mux:Mux3|muxlut:$00010|muxlut:$00012|_~4           ; |P2|lpm_mux:Mux3|muxlut:$00010|muxlut:$00012|_~4           ; out0             ;
; |P2|lpm_mux:Mux3|muxlut:$00010|muxlut:$00012|_~8           ; |P2|lpm_mux:Mux3|muxlut:$00010|muxlut:$00012|_~8           ; out0             ;
; |P2|lpm_mux:Mux2|muxlut:$00010|muxlut:$00014|_~1           ; |P2|lpm_mux:Mux2|muxlut:$00010|muxlut:$00014|_~1           ; out0             ;
; |P2|lpm_mux:Mux2|muxlut:$00010|muxlut:$00014|_~4           ; |P2|lpm_mux:Mux2|muxlut:$00010|muxlut:$00014|_~4           ; out0             ;
; |P2|lpm_mux:Mux2|muxlut:$00010|muxlut:$00014|_~5           ; |P2|lpm_mux:Mux2|muxlut:$00010|muxlut:$00014|_~5           ; out0             ;
; |P2|lpm_mux:Mux2|muxlut:$00010|muxlut:$00012|_~1           ; |P2|lpm_mux:Mux2|muxlut:$00010|muxlut:$00012|_~1           ; out0             ;
; |P2|lpm_mux:Mux2|muxlut:$00010|muxlut:$00012|result_node~0 ; |P2|lpm_mux:Mux2|muxlut:$00010|muxlut:$00012|result_node~0 ; out0             ;
; |P2|lpm_mux:Mux2|muxlut:$00010|muxlut:$00012|_~5           ; |P2|lpm_mux:Mux2|muxlut:$00010|muxlut:$00012|_~5           ; out0             ;
; |P2|lpm_mux:Mux2|muxlut:$00010|muxlut:$00012|_~8           ; |P2|lpm_mux:Mux2|muxlut:$00010|muxlut:$00012|_~8           ; out0             ;
; |P2|lpm_mux:Mux1|muxlut:$00010|muxlut:$00014|_~1           ; |P2|lpm_mux:Mux1|muxlut:$00010|muxlut:$00014|_~1           ; out0             ;
; |P2|lpm_mux:Mux1|muxlut:$00010|muxlut:$00014|_~4           ; |P2|lpm_mux:Mux1|muxlut:$00010|muxlut:$00014|_~4           ; out0             ;
; |P2|lpm_mux:Mux1|muxlut:$00010|muxlut:$00014|_~5           ; |P2|lpm_mux:Mux1|muxlut:$00010|muxlut:$00014|_~5           ; out0             ;
; |P2|lpm_mux:Mux1|muxlut:$00010|muxlut:$00012|_~1           ; |P2|lpm_mux:Mux1|muxlut:$00010|muxlut:$00012|_~1           ; out0             ;
; |P2|lpm_mux:Mux1|muxlut:$00010|muxlut:$00012|_~4           ; |P2|lpm_mux:Mux1|muxlut:$00010|muxlut:$00012|_~4           ; out0             ;
; |P2|lpm_mux:Mux1|muxlut:$00010|muxlut:$00012|_~8           ; |P2|lpm_mux:Mux1|muxlut:$00010|muxlut:$00012|_~8           ; out0             ;
; |P2|lpm_mux:Mux0|muxlut:$00010|muxlut:$00014|_~1           ; |P2|lpm_mux:Mux0|muxlut:$00010|muxlut:$00014|_~1           ; out0             ;
; |P2|lpm_mux:Mux0|muxlut:$00010|muxlut:$00014|_~4           ; |P2|lpm_mux:Mux0|muxlut:$00010|muxlut:$00014|_~4           ; out0             ;
; |P2|lpm_mux:Mux0|muxlut:$00010|muxlut:$00014|_~5           ; |P2|lpm_mux:Mux0|muxlut:$00010|muxlut:$00014|_~5           ; out0             ;
; |P2|lpm_mux:Mux0|muxlut:$00010|muxlut:$00012|_~1           ; |P2|lpm_mux:Mux0|muxlut:$00010|muxlut:$00012|_~1           ; out0             ;
; |P2|lpm_mux:Mux0|muxlut:$00010|muxlut:$00012|_~5           ; |P2|lpm_mux:Mux0|muxlut:$00010|muxlut:$00012|_~5           ; out0             ;
; |P2|lpm_mux:Mux0|muxlut:$00010|muxlut:$00012|_~8           ; |P2|lpm_mux:Mux0|muxlut:$00010|muxlut:$00012|_~8           ; out0             ;
+------------------------------------------------------------+------------------------------------------------------------+------------------+


The following table displays output ports that do not toggle to 0 during simulation.
+--------------------------------------------------------------------------------------------------------------------------------------------+
; Missing 0-Value Coverage                                                                                                                   ;
+------------------------------------------------------------+------------------------------------------------------------+------------------+
; Node Name                                                  ; Output Port Name                                           ; Output Port Type ;
+------------------------------------------------------------+------------------------------------------------------------+------------------+
; |P2|lpm_mux:Mux5|muxlut:$00010|muxlut:$00018|result_node~0 ; |P2|lpm_mux:Mux5|muxlut:$00010|muxlut:$00018|result_node~0 ; out0             ;
; |P2|lpm_mux:Mux5|muxlut:$00010|muxlut:$00018|_~5           ; |P2|lpm_mux:Mux5|muxlut:$00010|muxlut:$00018|_~5           ; out0             ;
; |P2|lpm_mux:Mux5|muxlut:$00010|muxlut:$00018|_~8           ; |P2|lpm_mux:Mux5|muxlut:$00010|muxlut:$00018|_~8           ; out0             ;
; |P2|lpm_mux:Mux5|muxlut:$00010|muxlut:$00016|_~1           ; |P2|lpm_mux:Mux5|muxlut:$00010|muxlut:$00016|_~1           ; out0             ;
; |P2|lpm_mux:Mux5|muxlut:$00010|muxlut:$00016|_~8           ; |P2|lpm_mux:Mux5|muxlut:$00010|muxlut:$00016|_~8           ; out0             ;
; |P2|lpm_mux:Mux5|muxlut:$00010|muxlut:$00014|_~4           ; |P2|lpm_mux:Mux5|muxlut:$00010|muxlut:$00014|_~4           ; out0             ;
; |P2|lpm_mux:Mux5|muxlut:$00010|muxlut:$00014|_~8           ; |P2|lpm_mux:Mux5|muxlut:$00010|muxlut:$00014|_~8           ; out0             ;
; |P2|lpm_mux:Mux5|muxlut:$00010|muxlut:$00012|result_node~0 ; |P2|lpm_mux:Mux5|muxlut:$00010|muxlut:$00012|result_node~0 ; out0             ;
; |P2|lpm_mux:Mux5|muxlut:$00010|muxlut:$00012|_~8           ; |P2|lpm_mux:Mux5|muxlut:$00010|muxlut:$00012|_~8           ; out0             ;
; |P2|lpm_mux:Mux4|muxlut:$00010|muxlut:$00020|_~8           ; |P2|lpm_mux:Mux4|muxlut:$00010|muxlut:$00020|_~8           ; out0             ;
; |P2|lpm_mux:Mux4|muxlut:$00010|muxlut:$00018|_~4           ; |P2|lpm_mux:Mux4|muxlut:$00010|muxlut:$00018|_~4           ; out0             ;
; |P2|lpm_mux:Mux4|muxlut:$00010|muxlut:$00018|result_node~1 ; |P2|lpm_mux:Mux4|muxlut:$00010|muxlut:$00018|result_node~1 ; out0             ;
; |P2|lpm_mux:Mux4|muxlut:$00010|muxlut:$00016|result_node~0 ; |P2|lpm_mux:Mux4|muxlut:$00010|muxlut:$00016|result_node~0 ; out0             ;
; |P2|lpm_mux:Mux4|muxlut:$00010|muxlut:$00016|_~5           ; |P2|lpm_mux:Mux4|muxlut:$00010|muxlut:$00016|_~5           ; out0             ;
; |P2|lpm_mux:Mux4|muxlut:$00010|muxlut:$00014|_~1           ; |P2|lpm_mux:Mux4|muxlut:$00010|muxlut:$00014|_~1           ; out0             ;
; |P2|lpm_mux:Mux4|muxlut:$00010|muxlut:$00014|result_node~1 ; |P2|lpm_mux:Mux4|muxlut:$00010|muxlut:$00014|result_node~1 ; out0             ;
; |P2|lpm_mux:Mux4|muxlut:$00010|muxlut:$00012|_~1           ; |P2|lpm_mux:Mux4|muxlut:$00010|muxlut:$00012|_~1           ; out0             ;
; |P2|lpm_mux:Mux4|muxlut:$00010|muxlut:$00012|_~4           ; |P2|lpm_mux:Mux4|muxlut:$00010|muxlut:$00012|_~4           ; out0             ;
; |P2|lpm_mux:Mux4|muxlut:$00010|muxlut:$00012|_~5           ; |P2|lpm_mux:Mux4|muxlut:$00010|muxlut:$00012|_~5           ; out0             ;
; |P2|lpm_mux:Mux4|muxlut:$00010|muxlut:$00012|_~8           ; |P2|lpm_mux:Mux4|muxlut:$00010|muxlut:$00012|_~8           ; out0             ;
; |P2|lpm_mux:Mux4|muxlut:$00010|muxlut:$00012|result_node   ; |P2|lpm_mux:Mux4|muxlut:$00010|muxlut:$00012|result_node   ; out0             ;
; |P2|lpm_mux:Mux3|muxlut:$00010|muxlut:$00014|_~1           ; |P2|lpm_mux:Mux3|muxlut:$00010|muxlut:$00014|_~1           ; out0             ;
; |P2|lpm_mux:Mux3|muxlut:$00010|muxlut:$00014|_~4           ; |P2|lpm_mux:Mux3|muxlut:$00010|muxlut:$00014|_~4           ; out0             ;
; |P2|lpm_mux:Mux3|muxlut:$00010|muxlut:$00014|_~5           ; |P2|lpm_mux:Mux3|muxlut:$00010|muxlut:$00014|_~5           ; out0             ;
; |P2|lpm_mux:Mux3|muxlut:$00010|muxlut:$00012|_~1           ; |P2|lpm_mux:Mux3|muxlut:$00010|muxlut:$00012|_~1           ; out0             ;
; |P2|lpm_mux:Mux3|muxlut:$00010|muxlut:$00012|_~4           ; |P2|lpm_mux:Mux3|muxlut:$00010|muxlut:$00012|_~4           ; out0             ;
; |P2|lpm_mux:Mux3|muxlut:$00010|muxlut:$00012|_~8           ; |P2|lpm_mux:Mux3|muxlut:$00010|muxlut:$00012|_~8           ; out0             ;
; |P2|lpm_mux:Mux2|muxlut:$00010|muxlut:$00014|_~1           ; |P2|lpm_mux:Mux2|muxlut:$00010|muxlut:$00014|_~1           ; out0             ;
; |P2|lpm_mux:Mux2|muxlut:$00010|muxlut:$00014|_~4           ; |P2|lpm_mux:Mux2|muxlut:$00010|muxlut:$00014|_~4           ; out0             ;
; |P2|lpm_mux:Mux2|muxlut:$00010|muxlut:$00014|_~5           ; |P2|lpm_mux:Mux2|muxlut:$00010|muxlut:$00014|_~5           ; out0             ;
; |P2|lpm_mux:Mux2|muxlut:$00010|muxlut:$00012|_~1           ; |P2|lpm_mux:Mux2|muxlut:$00010|muxlut:$00012|_~1           ; out0             ;
; |P2|lpm_mux:Mux2|muxlut:$00010|muxlut:$00012|result_node~0 ; |P2|lpm_mux:Mux2|muxlut:$00010|muxlut:$00012|result_node~0 ; out0             ;
; |P2|lpm_mux:Mux2|muxlut:$00010|muxlut:$00012|_~5           ; |P2|lpm_mux:Mux2|muxlut:$00010|muxlut:$00012|_~5           ; out0             ;
; |P2|lpm_mux:Mux2|muxlut:$00010|muxlut:$00012|_~8           ; |P2|lpm_mux:Mux2|muxlut:$00010|muxlut:$00012|_~8           ; out0             ;
; |P2|lpm_mux:Mux1|muxlut:$00010|muxlut:$00014|_~1           ; |P2|lpm_mux:Mux1|muxlut:$00010|muxlut:$00014|_~1           ; out0             ;
; |P2|lpm_mux:Mux1|muxlut:$00010|muxlut:$00014|_~4           ; |P2|lpm_mux:Mux1|muxlut:$00010|muxlut:$00014|_~4           ; out0             ;
; |P2|lpm_mux:Mux1|muxlut:$00010|muxlut:$00014|_~5           ; |P2|lpm_mux:Mux1|muxlut:$00010|muxlut:$00014|_~5           ; out0             ;
; |P2|lpm_mux:Mux1|muxlut:$00010|muxlut:$00012|_~1           ; |P2|lpm_mux:Mux1|muxlut:$00010|muxlut:$00012|_~1           ; out0             ;
; |P2|lpm_mux:Mux1|muxlut:$00010|muxlut:$00012|_~4           ; |P2|lpm_mux:Mux1|muxlut:$00010|muxlut:$00012|_~4           ; out0             ;
; |P2|lpm_mux:Mux1|muxlut:$00010|muxlut:$00012|_~8           ; |P2|lpm_mux:Mux1|muxlut:$00010|muxlut:$00012|_~8           ; out0             ;
; |P2|lpm_mux:Mux0|muxlut:$00010|muxlut:$00014|_~1           ; |P2|lpm_mux:Mux0|muxlut:$00010|muxlut:$00014|_~1           ; out0             ;
; |P2|lpm_mux:Mux0|muxlut:$00010|muxlut:$00014|_~4           ; |P2|lpm_mux:Mux0|muxlut:$00010|muxlut:$00014|_~4           ; out0             ;
; |P2|lpm_mux:Mux0|muxlut:$00010|muxlut:$00014|_~5           ; |P2|lpm_mux:Mux0|muxlut:$00010|muxlut:$00014|_~5           ; out0             ;
; |P2|lpm_mux:Mux0|muxlut:$00010|muxlut:$00012|_~1           ; |P2|lpm_mux:Mux0|muxlut:$00010|muxlut:$00012|_~1           ; out0             ;
; |P2|lpm_mux:Mux0|muxlut:$00010|muxlut:$00012|_~5           ; |P2|lpm_mux:Mux0|muxlut:$00010|muxlut:$00012|_~5           ; out0             ;
; |P2|lpm_mux:Mux0|muxlut:$00010|muxlut:$00012|_~8           ; |P2|lpm_mux:Mux0|muxlut:$00010|muxlut:$00012|_~8           ; out0             ;
+------------------------------------------------------------+------------------------------------------------------------+------------------+


+---------------------+
; Simulator INI Usage ;
+--------+------------+
; Option ; Usage      ;
+--------+------------+


+--------------------+
; Simulator Messages ;
+--------------------+
Info: *******************************************************************
Info: Running Quartus II Simulator
    Info: Version 9.1 Build 350 03/24/2010 Service Pack 2 SJ Web Edition
    Info: Processing started: Wed Mar 23 09:15:27 2022
Info: Command: quartus_sim --read_settings_files=on --write_settings_files=off P2 -c P2
Info: Using vector source file "C:/Users/user/Desktop/P2/P2.vwf"
Info: Option to preserve fewer signal transitions to reduce memory requirements is enabled
    Info: Simulation has been partitioned into sub-simulations according to the maximum transition count determined by the engine. Transitions from memory will be flushed out to disk at the end of each sub-simulation to reduce memory requirements.
Info: Simulation partitioned into 1 sub-simulations
Info: Simulation coverage is      81.15 %
Info: Number of transitions in simulation is 1386
Info: Quartus II Simulator was successful. 0 errors, 0 warnings
    Info: Peak virtual memory: 153 megabytes
    Info: Processing ended: Wed Mar 23 09:15:27 2022
    Info: Elapsed time: 00:00:00
    Info: Total CPU time (on all processors): 00:00:00


